<?xml version="1.0" encoding="UTF-8"?>
<testng-results ignored="0" total="1" passed="1" failed="0" skipped="0">
  <reporter-output>
  </reporter-output>
  <suite started-at="2022-08-24T12:22:48 YEKT" name="Command line suite" finished-at="2022-08-24T12:22:53 YEKT" duration-ms="5091">
    <groups>
    </groups>
    <test started-at="2022-08-24T12:22:48 YEKT" name="Command line test" finished-at="2022-08-24T12:22:53 YEKT" duration-ms="5091">
      <class name="TestFirstSelenium">
        <test-method is-config="true" signature="beforeMethod()[pri:0, instance:TestFirstSelenium@3578436e]" started-at="2022-08-24T12:22:48 YEKT" name="beforeMethod" finished-at="2022-08-24T12:22:51 YEKT" duration-ms="2448" status="PASS">
          <reporter-output>
          </reporter-output>
        </test-method> <!-- beforeMethod -->
        <test-method signature="testFirstSelenium()[pri:0, instance:TestFirstSelenium@3578436e]" started-at="2022-08-24T12:22:51 YEKT" name="testFirstSelenium" finished-at="2022-08-24T12:22:53 YEKT" duration-ms="2460" status="PASS">
          <reporter-output>
          </reporter-output>
        </test-method> <!-- testFirstSelenium -->
        <test-method is-config="true" signature="afterMethod()[pri:0, instance:TestFirstSelenium@3578436e]" started-at="2022-08-24T12:22:53 YEKT" name="afterMethod" finished-at="2022-08-24T12:22:53 YEKT" duration-ms="162" status="PASS">
          <reporter-output>
          </reporter-output>
        </test-method> <!-- afterMethod -->
      </class> <!-- TestFirstSelenium -->
    </test> <!-- Command line test -->
  </suite> <!-- Command line suite -->
</testng-results>
